#
# There is insufficient memory for the Java Runtime Environment to continue.
# Native memory allocation (malloc) failed to allocate 1048576 bytes for AllocateHeap
# Possible reasons:
#   The system is out of physical RAM or swap space
#   In 32 bit mode, the process size limit was hit
# Possible solutions:
#   Reduce memory load on the system
#   Increase physical memory or swap space
#   Check if swap backing store is full
#   Use 64 bit Java on a 64 bit OS
#   Decrease Java heap size (-Xmx/-Xms)
#   Decrease number of Java threads
#   Decrease Java thread stack sizes (-Xss)
#   Set larger code cache with -XX:ReservedCodeCacheSize=
# This output file may be truncated or incomplete.
#
#  Out of Memory Error (memory/allocation.inline.hpp:61), pid=729816, tid=0x00000000000b3460
#
# JRE version:  (8.0_181-b13) (build )
# Java VM: Java HotSpot(TM) 64-Bit Server VM (25.181-b13 mixed mode windows-amd64 compressed oops)
# Failed to write core dump. Minidumps are not enabled by default on client versions of Windows
#

---------------  T H R E A D  ---------------

Current thread (0x000000000303e800):  JavaThread "Unknown thread" [_thread_in_vm, id=734304, stack(0x0000000002cc0000,0x0000000002dc0000)]

Stack: [0x0000000002cc0000,0x0000000002dc0000]
[error occurred during error reporting (printing stack bounds), id 0xc0000005]

Native frames: (J=compiled Java code, j=interpreted, Vv=VM code, C=native code)


---------------  P R O C E S S  ---------------

Java Threads: ( => current thread )

Other Threads:

=>0x000000000303e800 (exited) JavaThread "Unknown thread" [_thread_in_vm, id=734304, stack(0x0000000002cc0000,0x0000000002dc0000)]

VM state:not at safepoint (normal execution)

VM Mutex/Monitor currently owned by a thread: None

Heap:
 PSYoungGen      total 37888K, used 655K [0x00000000d6200000, 0x00000000d8c00000, 0x0000000100000000)
  eden space 32768K, 2% used [0x00000000d6200000,0x00000000d62a3d80,0x00000000d8200000)
  from space 5120K, 0% used [0x00000000d8700000,0x00000000d8700000,0x00000000d8c00000)
  to   space 5120K, 0% used [0x00000000d8200000,0x00000000d8200000,0x00000000d8700000)
 ParOldGen       total 86016K, used 0K [0x0000000082600000, 0x0000000087a00000, 0x00000000d6200000)
  object space 86016K, 0% used [0x0000000082600000,0x0000000082600000,0x0000000087a00000)
 Metaspace       used 775K, capacity 4480K, committed 4480K, reserved 1056768K
  class space    used 76K, capacity 384K, committed 384K, reserved 1048576K

Card table byte_map: [0x0000000012400000,0x00000000127f0000] byte_map_base: 0x0000000011fed000

Marking Bits: (ParMarkBitMap*) 0x0000000059b72d00
 Begin Bits: [0x0000000013290000, 0x00000000151f8000)
 End Bits:   [0x00000000151f8000, 0x0000000017160000)

Polling page: 0x0000000002dc0000

CodeCache: size=245760Kb used=328Kb max_used=328Kb free=245431Kb
 bounds [0x0000000003040000, 0x00000000032b0000, 0x0000000012040000]
 total_blobs=58 nmethods=0 adapters=38
 compilation: enabled

Compilation events (0 events):
No events

GC Heap History (0 events):
No events

Deoptimization events (0 events):
No events

Classes redefined (0 events):
No events

Internal exceptions (0 events):
No events

Events (10 events):
Event: 0.035 loading class java/lang/Short
Event: 0.035 loading class java/lang/Short done
Event: 0.035 loading class java/lang/Integer
Event: 0.035 loading class java/lang/Integer done
Event: 0.035 loading class java/lang/Long
Event: 0.035 loading class java/lang/Long done
Event: 0.036 loading class java/lang/NullPointerException
Event: 0.036 loading class java/lang/NullPointerException done
Event: 0.036 loading class java/lang/ArithmeticException
Event: 0.036 loading class java/lang/ArithmeticException done


Dynamic libraries:
0x00007ff6f73e0000 - 0x00007ff6f7417000 	C:\Program Files\Java\jdk1.8.0_181\bin\java.exe
0x00007fff5a370000 - 0x00007fff5a565000 	C:\WINDOWS\SYSTEM32\ntdll.dll
0x00007fff59150000 - 0x00007fff5920e000 	C:\WINDOWS\System32\KERNEL32.DLL
0x00007fff57bd0000 - 0x00007fff57e98000 	C:\WINDOWS\System32\KERNELBASE.dll
0x00007fff59ec0000 - 0x00007fff59f6c000 	C:\WINDOWS\System32\ADVAPI32.dll
0x00007fff58fa0000 - 0x00007fff5903e000 	C:\WINDOWS\System32\msvcrt.dll
0x00007fff59d50000 - 0x00007fff59deb000 	C:\WINDOWS\System32\sechost.dll
0x00007fff594e0000 - 0x00007fff5960a000 	C:\WINDOWS\System32\RPCRT4.dll
0x00007fff59330000 - 0x00007fff594d1000 	C:\WINDOWS\System32\USER32.dll
0x00007fff58150000 - 0x00007fff58172000 	C:\WINDOWS\System32\win32u.dll
0x00007fff59220000 - 0x00007fff5924b000 	C:\WINDOWS\System32\GDI32.dll
0x00007fff57ac0000 - 0x00007fff57bcb000 	C:\WINDOWS\System32\gdi32full.dll
0x00007fff57fa0000 - 0x00007fff5803d000 	C:\WINDOWS\System32\msvcp_win.dll
0x00007fff57ea0000 - 0x00007fff57fa0000 	C:\WINDOWS\System32\ucrtbase.dll
0x00007fff49f50000 - 0x00007fff4a1ea000 	C:\WINDOWS\WinSxS\amd64_microsoft.windows.common-controls_6595b64144ccf1df_6.0.19041.1110_none_60b5254171f9507e\COMCTL32.dll
0x00007fff59040000 - 0x00007fff59070000 	C:\WINDOWS\System32\IMM32.DLL
0x0000000059270000 - 0x0000000059342000 	C:\Program Files\Java\jdk1.8.0_181\jre\bin\msvcr100.dll
0x0000000059350000 - 0x0000000059bf2000 	C:\Program Files\Java\jdk1.8.0_181\jre\bin\server\jvm.dll
0x00007fff59960000 - 0x00007fff59968000 	C:\WINDOWS\System32\PSAPI.DLL
0x00007fff4e9f0000 - 0x00007fff4ea17000 	C:\WINDOWS\SYSTEM32\WINMM.dll
0x00007fff4fc40000 - 0x00007fff4fc4a000 	C:\WINDOWS\SYSTEM32\VERSION.dll
0x00007fff42bf0000 - 0x00007fff42bf9000 	C:\WINDOWS\SYSTEM32\WSOCK32.dll
0x00007fff59ce0000 - 0x00007fff59d4b000 	C:\WINDOWS\System32\WS2_32.dll
0x0000000059220000 - 0x000000005922f000 	C:\Program Files\Java\jdk1.8.0_181\jre\bin\verify.dll
0x00000000591f0000 - 0x0000000059219000 	C:\Program Files\Java\jdk1.8.0_181\jre\bin\java.dll
0x00000000591d0000 - 0x00000000591e6000 	C:\Program Files\Java\jdk1.8.0_181\jre\bin\zip.dll

VM Arguments:
jvm_args: -Dfile.encoding=UTF-8 
java_command: qlts.Qlts
java_class_path (initial): F:\Downloads\jdk-8u181-windows-x64\NetBeans 8.2 RC\java\modules\ext\AbsoluteLayout.jar;F:\Users\NMHoang\Desktop\Java\qlts\build\classes
Launcher Type: SUN_STANDARD

Environment Variables:
PATH=C:\Program Files (x86)\Common Files\Oracle\Java\javapath;C:\Program Files\Common Files\Oracle\Java\javapath;C:\Program Files\Microsoft MPI\Bin\;C:\WINDOWS\system32;C:\WINDOWS;C:\WINDOWS\System32\Wbem;C:\WINDOWS\System32\WindowsPowerShell\v1.0\;C:\WINDOWS\System32\OpenSSH\;C:\Program Files\Microsoft SQL Server\Client SDK\ODBC\170\Tools\Binn\;C:\Program Files (x86)\Microsoft SQL Server\150\Tools\Binn\;C:\Program Files\Microsoft SQL Server\150\Tools\Binn\;C:\Program Files\Microsoft SQL Server\150\DTS\Binn\;C:\Program Files (x86)\Microsoft SQL Server\150\DTS\Binn\;F:\Program Files\PuTTY\;C:\Program Files\Git\cmd;C:\Users\NMHoang\AppData\Local\Programs\Python\Python38-32\Scripts\;C:\Users\NMHoang\AppData\Local\Programs\Python\Python38-32\;C:\Users\NMHoang\AppData\Local\Microsoft\WindowsApps;;C:\Program Files\Azure Data Studio\bin;F:\Program Files (x86)\Nmap
USERNAME=NMHoang
OS=Windows_NT
PROCESSOR_IDENTIFIER=Intel64 Family 6 Model 158 Stepping 10, GenuineIntel



---------------  S Y S T E M  ---------------

OS: Windows 10.0 , 64 bit Build 19041 (10.0.19041.1348)

CPU:total 8 (initial active 8) (4 cores per cpu, 2 threads per core) family 6 model 158 stepping 10, cmov, cx8, fxsr, mmx, sse, sse2, sse3, ssse3, sse4.1, sse4.2, popcnt, avx, avx2, aes, clmul, erms, 3dnowpref, lzcnt, ht, tsc, tscinvbit, bmi1, bmi2, adx

Memory: 4k page, physical 8227124k(413056k free), swap 28230964k(5616k free)

vm_info: Java HotSpot(TM) 64-Bit Server VM (25.181-b13) for windows-amd64 JRE (1.8.0_181-b13), built on Jul  7 2018 04:01:33 by "java_re" with MS VC++ 10.0 (VS2010)

time: Tue Nov 30 20:25:12 2021
elapsed time: 0 seconds (0d 0h 0m 0s)

